<?xml version="1.0" encoding="UTF-8"?>
<!-- Generated by org.testng.reporters.JUnitReportReporter -->
<testsuite hostname="DESKTOP-9NIH3SE" failures="0" tests="3" name="testNG.DataProvider_1" time="0.019" errors="0" timestamp="2024-05-31T22:15:27 IST" skipped="0">
  <testcase classname="testNG.DataProvider_1" name="dataProvider" time="0.002"/>
  <testcase classname="testNG.DataProvider_1" name="dataProvider" time="0.015"/>
  <testcase classname="testNG.DataProvider_1" name="dataProvider" time="0.002"/>
</testsuite> <!-- testNG.DataProvider_1 -->
