<?xml version="1.0" encoding="UTF-8"?>
<!-- Generated by org.testng.reporters.JUnitReportReporter -->
<testsuite hostname="DESKTOP-9NIH3SE" failures="0" tests="3" name="testNG.DataProvider_2" time="0.013" errors="0" timestamp="2024-05-31T23:19:57 IST" skipped="0">
  <testcase classname="testNG.DataProvider_2" name="getDataDemo" time="0.009"/>
  <testcase classname="testNG.DataProvider_2" name="getDataDemo" time="0.002"/>
  <testcase classname="testNG.DataProvider_2" name="getDataDemo" time="0.002"/>
</testsuite> <!-- testNG.DataProvider_2 -->
